0 info it worked if it ends with ok
1 verbose cli [ '/usr/local/bin/node',
1 verbose cli   '/usr/local/bin/npm',
1 verbose cli   'install',
1 verbose cli   '-g',
1 verbose cli   'indexquiz.html' ]
2 info using npm@2.9.1
3 info using node@v0.12.3
4 verbose install initial load of /usr/local/lib/package.json
5 verbose readDependencies loading dependencies from /usr/local/lib/package.json
6 silly cache add args [ 'indexquiz.html', null ]
7 verbose cache add spec indexquiz.html
8 silly cache add parsed spec { raw: 'indexquiz.html',
8 silly cache add   scope: null,
8 silly cache add   name: null,
8 silly cache add   rawSpec: 'indexquiz.html',
8 silly cache add   spec: '/vagrant/indexquiz.html',
8 silly cache add   type: 'local' }
9 silly addLocalTarball shasum (computed) da39a3ee5e6b4b0d3255bfef95601890afd80709
10 verbose addTmpTarball /vagrant/indexquiz.html not in flight; adding
11 verbose addTmpTarball validating metadata from /vagrant/indexquiz.html
12 verbose tar unpack /vagrant/indexquiz.html
13 verbose tar unpacking to /tmp/npm-2890-4e19e7e7/unpack-30d65b548b0b
14 silly gentlyRm /tmp/npm-2890-4e19e7e7/unpack-30d65b548b0b is being purged
15 verbose gentlyRm don't care about contents; nuking /tmp/npm-2890-4e19e7e7/unpack-30d65b548b0b
16 silly gunzTarPerm modes [ '755', '644' ]
17 error tar.unpack error reading /vagrant/indexquiz.html
18 error addLocal Could not install /vagrant/indexquiz.html
19 verbose stack Error: 0-byte tarball
19 verbose stack Please run `npm cache clean`
19 verbose stack     at /usr/local/lib/node_modules/npm/lib/utils/tar.js:126:14
19 verbose stack     at FSReqWrap.oncomplete (evalmachine.<anonymous>:95:15)
20 verbose cwd /vagrant
21 error Linux 3.16.0-30-generic
22 error argv "/usr/local/bin/node" "/usr/local/bin/npm" "install" "-g" "indexquiz.html"
23 error node v0.12.3
24 error npm  v2.9.1
25 error 0-byte tarball
25 error Please run `npm cache clean`
26 error If you need help, you may report this error at:
26 error     <https://github.com/npm/npm/issues>
27 verbose exit [ 1, true ]
